<?xml version="1.0" encoding="UTF-8"?>
<!-- Generated by org.testng.reporters.JUnitReportReporter -->
<testsuite hostname="DEL1-LHP-N72537" failures="0" tests="8" name="com.Test.AlfescoAppLoginTest" time="63.520" errors="0" timestamp="2021-07-17T16:26:26 IST" skipped="0">
  <testcase classname="com.Test.AlfescoAppLoginTest" name="EmptyRecentTest" time="38.906"/>
  <system-out/>
  <testcase classname="com.Test.AlfescoAppLoginTest" name="EmptyFavoritesTest" time="3.698"/>
  <system-out/>
  <testcase classname="com.Test.AlfescoAppLoginTest" name="EmptyLibrariesTest" time="1.098"/>
  <system-out/>
  <testcase classname="com.Test.AlfescoAppLoginTest" name="EmptyOfflineTest" time="1.492"/>
  <system-out/>
  <testcase classname="com.Test.AlfescoAppLoginTest" name="EmptySharedTest" time="5.129"/>
  <system-out/>
  <testcase classname="com.Test.AlfescoAppLoginTest" name="EmptyTrashTest" time="4.435"/>
  <system-out/>
  <testcase classname="com.Test.AlfescoAppLoginTest" name="EmptyPersonalFilesTest" time="4.615"/>
  <system-out/>
  <testcase classname="com.Test.AlfescoAppLoginTest" name="EmptyMyLibrariesTest" time="4.147"/>
  <system-out/>
</testsuite> <!-- com.Test.AlfescoAppLoginTest -->
