<?xml version="1.0" encoding="UTF-8"?>
<!-- Generated by org.testng.reporters.JUnitReportReporter -->
<testsuite skipped="0" hostname="DEL1-LHP-N72537" name="com.Test.AdvanceSearchFacetInteractionsTest" tests="1" failures="0" timestamp="2021-12-28T11:01:00 IST" time="396.466" errors="0">
  <testcase name="verifyTheVisibilityOfSearchFacetTest" time="396.466" classname="com.Test.AdvanceSearchFacetInteractionsTest"/>
  <system-out/>
</testsuite> <!-- com.Test.AdvanceSearchFacetInteractionsTest -->
