<?xml version="1.0" encoding="UTF-8"?>
<!-- Generated by org.testng.reporters.JUnitReportReporter -->
<testsuite skipped="0" hostname="DEL1-LHP-N72537" name="com.Test.NavigationTest" tests="4" failures="0" timestamp="2021-10-06T19:41:01 IST" time="30.728" errors="0">
  <testcase name="NavigationFromRecentTest" time="12.432" classname="com.Test.NavigationTest"/>
  <system-out/>
  <testcase name="NavigationFromFavroitesTest" time="6.759" classname="com.Test.NavigationTest"/>
  <system-out/>
  <testcase name="NavigationFromOfflineTest" time="5.466" classname="com.Test.NavigationTest"/>
  <system-out/>
  <testcase name="NavigationFromBrowserTest" time="6.071" classname="com.Test.NavigationTest"/>
  <system-out/>
</testsuite> <!-- com.Test.NavigationTest -->
